<?xml version="1.0" encoding="UTF-8"?>
<!-- Generated by org.testng.reporters.JUnitReportReporter -->
<testsuite hostname="lokesh" failures="0" tests="1" name="Naukari.NaukariJobs" time="25.105" errors="0" timestamp="2024-05-02T07:15:35 IST" skipped="0">
  <testcase classname="Naukari.NaukariJobs" name="Naukari" time="25.105"/>
</testsuite> <!-- Naukari.NaukariJobs -->
