<?xml version="1.0" encoding="UTF-8"?>
<!-- Generated by org.testng.reporters.JUnitReportReporter -->
<testsuite hostname="lokesh" failures="0" tests="1" name="TestNg.amzon" time="6.380" errors="0" timestamp="2024-05-09T09:24:39 IST" skipped="0">
  <testcase classname="TestNg.amzon" name="Search" time="6.380"/>
</testsuite> <!-- TestNg.amzon -->
