<?xml version="1.0" encoding="UTF-8"?>
<!-- Generated by org.testng.reporters.JUnitReportReporter -->
<testsuite hostname="lokesh" failures="0" tests="2" name="TestNg.HandiligWindows$SeleniumTestNGPractice" time="75.354" errors="0" timestamp="2023-10-11T12:54:23 IST" skipped="0">
  <testcase classname="TestNg.HandiligWindows$SeleniumTestNGPractice" name="SwitchingWindows" time="66.890"/>
  <testcase classname="TestNg.HandiligWindows$SeleniumTestNGPractice" name="SwitchingWindows1" time="8.464"/>
</testsuite> <!-- TestNg.HandiligWindows$SeleniumTestNGPractice -->
