<?xml version="1.0" encoding="UTF-8"?>
<!-- Generated by org.testng.reporters.JUnitReportReporter -->
<testsuite hostname="lokesh" failures="0" tests="1" name="facebook.login" time="12.074" errors="0" timestamp="2024-05-18T07:54:42 IST" skipped="0">
  <testcase classname="facebook.login" name="facebook" time="12.074"/>
</testsuite> <!-- facebook.login -->
