<?xml version="1.0" encoding="UTF-8"?>
<!-- Generated by org.testng.reporters.JUnitReportReporter -->
<testsuite hostname="lokesh" failures="0" tests="1" name="TestNg.HandilingTabsAndWindows" time="23.297" errors="0" timestamp="2023-10-12T09:44:57 IST" skipped="0">
  <testcase classname="TestNg.HandilingTabsAndWindows" name="SwitchingWindows" time="23.297"/>
</testsuite> <!-- TestNg.HandilingTabsAndWindows -->
